{"D:\\Projetos\\caju\\src\\components\\Buttons\\IconButton.tsx": {"path":"D:\\Projetos\\caju\\src\\components\\Buttons\\IconButton.tsx","statementMap":{"0":{"start":{"line":1,"column":0},"end":{"line":1,"column":29}},"1":{"start":{"line":7,"column":26},"end":{"line":13,"column":1}},"2":{"start":{"line":8,"column":2},"end":{"line":12,"column":4}},"3":{"start":{"line":7,"column":13},"end":{"line":7,"column":26}}},"fnMap":{"0":{"name":"(anonymous_0)","decl":{"start":{"line":7,"column":26},"end":{"line":7,"column":27}},"loc":{"start":{"line":7,"column":53},"end":{"line":13,"column":1}}}},"branchMap":{},"s":{"0":1,"1":1,"2":0,"3":1},"f":{"0":0},"b":{}}
,"D:\\Projetos\\caju\\src\\components\\Header\\header.tsx": {"path":"D:\\Projetos\\caju\\src\\components\\Header\\header.tsx","statementMap":{"0":{"start":{"line":2,"column":0},"end":{"line":2,"column":29}},"1":{"start":{"line":8,"column":22},"end":{"line":8,"column":83}},"2":{"start":{"line":8,"column":52},"end":{"line":8,"column":83}},"3":{"start":{"line":8,"column":13},"end":{"line":8,"column":22}}},"fnMap":{"0":{"name":"(anonymous_0)","decl":{"start":{"line":8,"column":22},"end":{"line":8,"column":23}},"loc":{"start":{"line":8,"column":52},"end":{"line":8,"column":83}}}},"branchMap":{},"s":{"0":0,"1":0,"2":0,"3":0},"f":{"0":0},"b":{}}
,"D:\\Projetos\\caju\\src\\pages\\Dashboard\\context\\context.tsx": {"path":"D:\\Projetos\\caju\\src\\pages\\Dashboard\\context\\context.tsx","statementMap":{"0":{"start":{"line":1,"column":0},"end":{"line":1,"column":74}},"1":{"start":{"line":2,"column":0},"end":{"line":2,"column":53}},"2":{"start":{"line":6,"column":13},"end":{"line":6,"column":null}},"3":{"start":{"line":8,"column":57},"end":{"line":16,"column":1}},"4":{"start":{"line":9,"column":18},"end":{"line":9,"column":77}},"5":{"start":{"line":11,"column":2},"end":{"line":15,"column":null}},"6":{"start":{"line":8,"column":13},"end":{"line":8,"column":57}}},"fnMap":{"0":{"name":"(anonymous_0)","decl":{"start":{"line":6,"column":69},"end":{"line":6,"column":72}},"loc":{"start":{"line":6,"column":74},"end":{"line":6,"column":78}}},"1":{"name":"(anonymous_1)","decl":{"start":{"line":8,"column":57},"end":{"line":8,"column":58}},"loc":{"start":{"line":8,"column":74},"end":{"line":16,"column":1}}}},"branchMap":{},"s":{"0":0,"1":0,"2":0,"3":0,"4":0,"5":0,"6":0},"f":{"0":0,"1":0},"b":{}}
,"D:\\Projetos\\caju\\src\\pages\\Dashboard\\context\\reducer.ts": {"path":"D:\\Projetos\\caju\\src\\pages\\Dashboard\\context\\reducer.ts","statementMap":{"0":{"start":{"line":3,"column":13},"end":{"line":9,"column":null}},"1":{"start":{"line":11,"column":49},"end":{"line":43,"column":1}},"2":{"start":{"line":12,"column":2},"end":{"line":42,"column":3}},"3":{"start":{"line":14,"column":6},"end":{"line":21,"column":null}},"4":{"start":{"line":24,"column":6},"end":{"line":30,"column":null}},"5":{"start":{"line":33,"column":6},"end":{"line":38,"column":null}},"6":{"start":{"line":41,"column":6},"end":{"line":41,"column":null}},"7":{"start":{"line":11,"column":13},"end":{"line":11,"column":49}}},"fnMap":{"0":{"name":"(anonymous_0)","decl":{"start":{"line":11,"column":49},"end":{"line":11,"column":50}},"loc":{"start":{"line":11,"column":67},"end":{"line":43,"column":1}}}},"branchMap":{"0":{"loc":{"start":{"line":12,"column":2},"end":{"line":42,"column":3}},"type":"switch","locations":[{"start":{"line":13,"column":4},"end":{"line":21,"column":null}},{"start":{"line":23,"column":4},"end":{"line":30,"column":null}},{"start":{"line":32,"column":4},"end":{"line":38,"column":null}},{"start":{"line":40,"column":4},"end":{"line":41,"column":null}}]}},"s":{"0":0,"1":0,"2":0,"3":0,"4":0,"5":0,"6":0,"7":0},"f":{"0":0},"b":{"0":[0,0,0,0]}}
,"D:\\Projetos\\caju\\src\\router\\routes.ts": {"path":"D:\\Projetos\\caju\\src\\router\\routes.ts","statementMap":{"0":{"start":{"line":1,"column":15},"end":{"line":6,"column":2}},"1":{"start":{"line":8,"column":0},"end":{"line":8,"column":22}}},"fnMap":{},"branchMap":{},"s":{"0":0,"1":0},"f":{},"b":{}}
}
